<?xml version="1.0" encoding="UTF-8"?>
<testsuite xmlns:xsi="http://www.w3.org/2001/XMLSchema-instance" xsi:noNamespaceSchemaLocation="https://maven.apache.org/surefire/maven-surefire-plugin/xsd/surefire-test-report-3.0.xsd" version="3.0" name="edu.school21.BFSTests" time="0.008" tests="4" errors="0" skipped="0" failures="0">
  <properties>
    <property name="java.specification.version" value="17"/>
    <property name="sun.jnu.encoding" value="UTF-8"/>
    <property name="java.class.path" value="/home/ipakin/A2_SimpleNavigator_v1.0_Java-1/src/navigator/target/test-classes:/home/ipakin/A2_SimpleNavigator_v1.0_Java-1/src/navigator/target/classes:/home/ipakin/.m2/repository/org/junit/jupiter/junit-jupiter-engine/5.9.1/junit-jupiter-engine-5.9.1.jar:/home/ipakin/.m2/repository/org/junit/platform/junit-platform-engine/1.9.1/junit-platform-engine-1.9.1.jar:/home/ipakin/.m2/repository/org/apiguardian/apiguardian-api/1.1.2/apiguardian-api-1.1.2.jar:/home/ipakin/.m2/repository/org/junit/jupiter/junit-jupiter-api/5.9.1/junit-jupiter-api-5.9.1.jar:/home/ipakin/.m2/repository/org/opentest4j/opentest4j/1.2.0/opentest4j-1.2.0.jar:/home/ipakin/.m2/repository/org/junit/platform/junit-platform-commons/1.9.1/junit-platform-commons-1.9.1.jar:/home/ipakin/.m2/repository/org/junit/jupiter/junit-jupiter-params/5.9.1/junit-jupiter-params-5.9.1.jar:"/>
    <property name="java.vm.vendor" value="Private Build"/>
    <property name="sun.arch.data.model" value="64"/>
    <property name="java.vendor.url" value="Unknown"/>
    <property name="os.name" value="Linux"/>
    <property name="java.vm.specification.version" value="17"/>
    <property name="sun.java.launcher" value="SUN_STANDARD"/>
    <property name="sun.boot.library.path" value="/usr/lib/jvm/java-17-openjdk-amd64/lib"/>
    <property name="sun.java.command" value="/home/ipakin/A2_SimpleNavigator_v1.0_Java-1/src/navigator/target/surefire/surefirebooter-20240515185359750_3.jar /home/ipakin/A2_SimpleNavigator_v1.0_Java-1/src/navigator/target/surefire 2024-05-15T18-53-59_704-jvmRun1 surefire-20240515185359750_1tmp surefire_0-20240515185359750_2tmp"/>
    <property name="jdk.debug" value="release"/>
    <property name="surefire.test.class.path" value="/home/ipakin/A2_SimpleNavigator_v1.0_Java-1/src/navigator/target/test-classes:/home/ipakin/A2_SimpleNavigator_v1.0_Java-1/src/navigator/target/classes:/home/ipakin/.m2/repository/org/junit/jupiter/junit-jupiter-engine/5.9.1/junit-jupiter-engine-5.9.1.jar:/home/ipakin/.m2/repository/org/junit/platform/junit-platform-engine/1.9.1/junit-platform-engine-1.9.1.jar:/home/ipakin/.m2/repository/org/apiguardian/apiguardian-api/1.1.2/apiguardian-api-1.1.2.jar:/home/ipakin/.m2/repository/org/junit/jupiter/junit-jupiter-api/5.9.1/junit-jupiter-api-5.9.1.jar:/home/ipakin/.m2/repository/org/opentest4j/opentest4j/1.2.0/opentest4j-1.2.0.jar:/home/ipakin/.m2/repository/org/junit/platform/junit-platform-commons/1.9.1/junit-platform-commons-1.9.1.jar:/home/ipakin/.m2/repository/org/junit/jupiter/junit-jupiter-params/5.9.1/junit-jupiter-params-5.9.1.jar:"/>
    <property name="sun.cpu.endian" value="little"/>
    <property name="user.home" value="/home/ipakin"/>
    <property name="user.language" value="en"/>
    <property name="java.specification.vendor" value="Oracle Corporation"/>
    <property name="java.version.date" value="2024-01-16"/>
    <property name="java.home" value="/usr/lib/jvm/java-17-openjdk-amd64"/>
    <property name="file.separator" value="/"/>
    <property name="basedir" value="/home/ipakin/A2_SimpleNavigator_v1.0_Java-1/src/navigator"/>
    <property name="java.vm.compressedOopsMode" value="Zero based"/>
    <property name="line.separator" value="&#10;"/>
    <property name="java.vm.specification.vendor" value="Oracle Corporation"/>
    <property name="java.specification.name" value="Java Platform API Specification"/>
    <property name="surefire.real.class.path" value="/home/ipakin/A2_SimpleNavigator_v1.0_Java-1/src/navigator/target/surefire/surefirebooter-20240515185359750_3.jar"/>
    <property name="sun.management.compiler" value="HotSpot 64-Bit Tiered Compilers"/>
    <property name="java.runtime.version" value="17.0.10+7-Ubuntu-122.04.1"/>
    <property name="user.name" value="ipakin"/>
    <property name="path.separator" value=":"/>
    <property name="os.version" value="5.15.146.1-microsoft-standard-WSL2"/>
    <property name="java.runtime.name" value="OpenJDK Runtime Environment"/>
    <property name="file.encoding" value="UTF-8"/>
    <property name="java.vm.name" value="OpenJDK 64-Bit Server VM"/>
    <property name="localRepository" value="/home/ipakin/.m2/repository"/>
    <property name="java.vendor.url.bug" value="Unknown"/>
    <property name="java.io.tmpdir" value="/tmp"/>
    <property name="java.version" value="17.0.10"/>
    <property name="user.dir" value="/home/ipakin/A2_SimpleNavigator_v1.0_Java-1/src/navigator"/>
    <property name="os.arch" value="amd64"/>
    <property name="java.vm.specification.name" value="Java Virtual Machine Specification"/>
    <property name="native.encoding" value="UTF-8"/>
    <property name="java.library.path" value="/usr/java/packages/lib:/usr/lib/x86_64-linux-gnu/jni:/lib/x86_64-linux-gnu:/usr/lib/x86_64-linux-gnu:/usr/lib/jni:/lib:/usr/lib"/>
    <property name="java.vm.info" value="mixed mode, sharing"/>
    <property name="java.vendor" value="Private Build"/>
    <property name="java.vm.version" value="17.0.10+7-Ubuntu-122.04.1"/>
    <property name="sun.io.unicode.encoding" value="UnicodeLittle"/>
    <property name="java.class.version" value="61.0"/>
  </properties>
  <testcase name="testGraph_1" classname="edu.school21.BFSTests" time="0.002">
    <system-out><![CDATA[Testing graph1.txt...
[1, 2, 3, 4] <--> [1, 2, 3, 4]
[2, 1, 3, 4] <--> [2, 1, 3, 4]
[3, 2, 1, 4] <--> [3, 2, 1, 4]
[4, 2, 1, 3] <--> [4, 2, 1, 3]
]]></system-out>
  </testcase>
  <testcase name="testGraph_2" classname="edu.school21.BFSTests" time="0.002">
    <system-out><![CDATA[Testing graph2.txt...
[1, 2, 3, 4, 5] <--> [1, 2, 3, 4, 5]
[2, 1, 4, 5, 3] <--> [2, 1, 4, 5, 3]
[3, 1, 5, 2, 4] <--> [3, 1, 5, 2, 4]
[4, 2, 1, 5, 3] <--> [4, 2, 1, 5, 3]
[5, 2, 3, 1, 4] <--> [5, 2, 3, 1, 4]
]]></system-out>
  </testcase>
  <testcase name="testGraph_3" classname="edu.school21.BFSTests" time="0.001">
    <system-out><![CDATA[Testing graph3.txt...
[1, 2, 8, 3, 4, 5, 6, 7] <--> [1, 2, 8, 3, 4, 5, 6, 7]
[2, 1, 3, 8, 4, 5, 6, 7] <--> [2, 1, 3, 8, 4, 5, 6, 7]
[3, 2, 4, 1, 5, 8, 6, 7] <--> [3, 2, 4, 1, 5, 8, 6, 7]
[4, 3, 5, 2, 6, 7, 1, 8] <--> [4, 3, 5, 2, 6, 7, 1, 8]
[5, 4, 6, 7, 3, 2, 1, 8] <--> [5, 4, 6, 7, 3, 2, 1, 8]
[6, 5, 7, 4, 3, 2, 1, 8] <--> [6, 5, 7, 4, 3, 2, 1, 8]
[7, 5, 6, 4, 3, 2, 1, 8] <--> [7, 5, 6, 4, 3, 2, 1, 8]
[8, 1, 2, 3, 4, 5, 6, 7] <--> [8, 1, 2, 3, 4, 5, 6, 7]
]]></system-out>
  </testcase>
  <testcase name="testGraph_4" classname="edu.school21.BFSTests" time="0.001">
    <system-out><![CDATA[Testing graph4.txt...
[1, 2, 5, 3, 4, 6] <--> [1, 2, 5, 3, 4, 6]
[2, 1, 3, 5, 4, 6] <--> [2, 1, 3, 5, 4, 6]
[3, 2, 4, 1, 5, 6] <--> [3, 2, 4, 1, 5, 6]
[4, 3, 5, 6, 2, 1] <--> [4, 3, 5, 6, 2, 1]
[5, 1, 2, 4, 3, 6] <--> [5, 1, 2, 4, 3, 6]
[6, 4, 3, 5, 2, 1] <--> [6, 4, 3, 5, 2, 1]
]]></system-out>
  </testcase>
</testsuite>